<?xml version="1.0" encoding="UTF-8"?>
<testng-results ignored="0" total="1" passed="1" failed="0" skipped="0">
  <reporter-output>
  </reporter-output>
  <suite started-at="2022-10-17T22:45:51 IST" name="Suite" finished-at="2022-10-17T22:46:08 IST" duration-ms="16761">
    <groups>
    </groups>
    <test started-at="2022-10-17T22:45:51 IST" name="Test" finished-at="2022-10-17T22:46:08 IST" duration-ms="16761">
      <class name="verifywhetherweareabletoaddfunds.VerifyUserCanLogin">
        <test-method is-config="true" signature="beforeClass()[pri:0, instance:verifywhetherweareabletoaddfunds.VerifyUserCanLogin@70ed52de]" started-at="2022-10-17T22:45:51 IST" name="beforeClass" finished-at="2022-10-17T22:45:57 IST" duration-ms="5316" status="PASS">
          <reporter-output>
          </reporter-output>
        </test-method> <!-- beforeClass -->
        <test-method is-config="true" signature="beforeMethod()[pri:0, instance:verifywhetherweareabletoaddfunds.VerifyUserCanLogin@70ed52de]" started-at="2022-10-17T22:45:57 IST" name="beforeMethod" finished-at="2022-10-17T22:45:57 IST" duration-ms="48" status="PASS">
          <reporter-output>
          </reporter-output>
        </test-method> <!-- beforeMethod -->
        <test-method signature="verifyUserCanLogin()[pri:0, instance:verifywhetherweareabletoaddfunds.VerifyUserCanLogin@70ed52de]" started-at="2022-10-17T22:45:57 IST" name="verifyUserCanLogin" finished-at="2022-10-17T22:46:07 IST" duration-ms="10398" status="PASS">
          <reporter-output>
          </reporter-output>
        </test-method> <!-- verifyUserCanLogin -->
        <test-method is-config="true" signature="afterMethod(org.testng.ITestResult)[pri:0, instance:verifywhetherweareabletoaddfunds.VerifyUserCanLogin@70ed52de]" started-at="2022-10-17T22:46:07 IST" name="afterMethod" finished-at="2022-10-17T22:46:07 IST" duration-ms="30" status="PASS">
          <params>
            <param index="0">
              <value>
                <![CDATA[[TestResult name=verifyUserCanLogin status=SUCCESS method=VerifyUserCanLogin.verifyUserCanLogin()[pri:0, instance:verifywhetherweareabletoaddfunds.VerifyUserCanLogin@70ed52de] output={null}]]]>
              </value>
            </param>
          </params>
          <reporter-output>
          </reporter-output>
        </test-method> <!-- afterMethod -->
        <test-method is-config="true" signature="afterClass()[pri:0, instance:verifywhetherweareabletoaddfunds.VerifyUserCanLogin@70ed52de]" started-at="2022-10-17T22:46:07 IST" name="afterClass" finished-at="2022-10-17T22:46:08 IST" duration-ms="862" status="PASS">
          <reporter-output>
          </reporter-output>
        </test-method> <!-- afterClass -->
      </class> <!-- verifywhetherweareabletoaddfunds.VerifyUserCanLogin -->
    </test> <!-- Test -->
  </suite> <!-- Suite -->
</testng-results>
